hadoop fs -rm -f -r /input2
16/03/17 08:43:12 WARN util.NativeCodeLoader: Unable to load native-hadoop library for your platform... using builtin-java classes where applicable
16/03/17 08:43:14 INFO fs.TrashPolicyDefault: Namenode trash configuration: Deletion interval = 0 minutes, Emptier interval = 0 minutes.
Deleted /input2
hadoop fs -mkdir /input2
16/03/17 08:43:16 WARN util.NativeCodeLoader: Unable to load native-hadoop library for your platform... using builtin-java classes where applicable
hadoop fs -put /user/hadoop/input2_local/sample2.txt /input2
16/03/17 08:43:20 WARN util.NativeCodeLoader: Unable to load native-hadoop library for your platform... using builtin-java classes where applicable
hdfs dfs -rm -f -r /user/hadoop/output2
16/03/17 08:43:24 WARN util.NativeCodeLoader: Unable to load native-hadoop library for your platform... using builtin-java classes where applicable
16/03/17 08:43:26 INFO fs.TrashPolicyDefault: Namenode trash configuration: Deletion interval = 0 minutes, Emptier interval = 0 minutes.
Deleted /user/hadoop/output2
javac -Xdiags:verbose -classpath hadoop-core-1.2.1.jar:/usr/local/hadoop/share/hadoop/common/lib/commons-cli-1.2.jar:commons-logging-1.2.jar -d units2 ProcessUnits2.java
jar -cvf units2.jar -C units2/ .
added manifest
adding: hadoop/(in = 0) (out= 0)(stored 0%)
adding: hadoop/ProcessUnits2.class(in = 1941) (out= 1056)(deflated 45%)
adding: hadoop/ProcessUnits2$E_EMapper.class(in = 2069) (out= 909)(deflated 56%)
adding: hadoop/ProcessUnits2$E_EReduce.class(in = 2203) (out= 960)(deflated 56%)
hadoop jar units2.jar hadoop.ProcessUnits2 /input2 output2
16/03/17 08:43:30 WARN util.NativeCodeLoader: Unable to load native-hadoop library for your platform... using builtin-java classes where applicable
16/03/17 08:43:31 INFO client.RMProxy: Connecting to ResourceManager at /0.0.0.0:8032
16/03/17 08:43:33 INFO input.FileInputFormat: Total input paths to process : 1
16/03/17 08:43:33 INFO mapreduce.JobSubmitter: number of splits:1
16/03/17 08:43:33 INFO mapreduce.JobSubmitter: Submitting tokens for job: job_1458105113347_0006
16/03/17 08:43:34 INFO impl.YarnClientImpl: Submitted application application_1458105113347_0006
16/03/17 08:43:34 INFO mapreduce.Job: The url to track the job: http://erkki-VirtualBox:8088/proxy/application_1458105113347_0006/
16/03/17 08:43:34 INFO mapreduce.Job: Running job: job_1458105113347_0006
16/03/17 08:43:44 INFO mapreduce.Job: Job job_1458105113347_0006 running in uber mode : false
16/03/17 08:43:44 INFO mapreduce.Job:  map 0% reduce 0%
16/03/17 08:43:51 INFO mapreduce.Job:  map 100% reduce 0%
16/03/17 08:44:01 INFO mapreduce.Job:  map 100% reduce 100%
16/03/17 08:44:02 INFO mapreduce.Job: Job job_1458105113347_0006 completed successfully
16/03/17 08:44:02 INFO mapreduce.Job: Counters: 49
	File System Counters
		FILE: Number of bytes read=38
		FILE: Number of bytes written=234887
		FILE: Number of read operations=0
		FILE: Number of large read operations=0
		FILE: Number of write operations=0
		HDFS: Number of bytes read=1561
		HDFS: Number of bytes written=35
		HDFS: Number of read operations=6
		HDFS: Number of large read operations=0
		HDFS: Number of write operations=2
	Job Counters 
		Launched map tasks=1
		Launched reduce tasks=1
		Data-local map tasks=1
		Total time spent by all maps in occupied slots (ms)=5277
		Total time spent by all reduces in occupied slots (ms)=6780
		Total time spent by all map tasks (ms)=5277
		Total time spent by all reduce tasks (ms)=6780
		Total vcore-milliseconds taken by all map tasks=5277
		Total vcore-milliseconds taken by all reduce tasks=6780
		Total megabyte-milliseconds taken by all map tasks=5403648
		Total megabyte-milliseconds taken by all reduce tasks=6942720
	Map-Reduce Framework
		Map input records=62
		Map output records=61
		Map output bytes=795
		Map output materialized bytes=38
		Input split bytes=105
		Combine input records=61
		Combine output records=2
		Reduce input groups=2
		Reduce shuffle bytes=38
		Reduce input records=2
		Reduce output records=2
		Spilled Records=4
		Shuffled Maps =1
		Failed Shuffles=0
		Merged Map outputs=1
		GC time elapsed (ms)=241
		CPU time spent (ms)=1670
		Physical memory (bytes) snapshot=310165504
		Virtual memory (bytes) snapshot=3775512576
		Total committed heap usage (bytes)=170004480
	Shuffle Errors
		BAD_ID=0
		CONNECTION=0
		IO_ERROR=0
		WRONG_LENGTH=0
		WRONG_MAP=0
		WRONG_REDUCE=0
	File Input Format Counters 
		Bytes Read=1456
	File Output Format Counters 
		Bytes Written=35
hdfs dfs -cat /user/hadoop/output2/part-r-00000
16/03/17 08:44:04 WARN util.NativeCodeLoader: Unable to load native-hadoop library for your platform... using builtin-java classes where applicable
25.02.2016	-7.7
25022016	-9.783327
